Retrieving project…
Deploying suhailahmed14369s-projects/dashboard
Inspect: https://vercel.com/suhailahmed14369s-projects/dashboard/3u6WC15yWdMrjEsgor7wiJWDwpTN [2s]
Production: https://dashboard-pnx5mvad5-suhailahmed14369s-projects.vercel.app [2s]
https://dashboard-pnx5mvad5-suhailahmed14369s-projects.vercel.appBuilding...
Building...
Building: Running build in Washington, D.C., USA (East) – iad1
Building: Build machine configuration: 2 cores, 8 GB
Building: Retrieving list of deployment files...
Building: Previous build caches not available.
Building: Downloading 42 deployment files...
Building: Running "vercel build"
Building: Vercel CLI 51.6.1
Building: Installing dependencies...
Building: npm warn deprecated node-domexception@1.0.0: Use your platform's native DOMException instead
Building: added 669 packages in 17s
Building: 237 packages are looking for funding
Building: run `npm fund` for details
Building: Detected Next.js version: 16.2.4
Building: Running "npm run build"
Building: > dashboard@0.1.0 build
Building: > next build
Building: Applying modifyConfig from Vercel
Building: Attention: Next.js now collects completely anonymous telemetry regarding usage.
Building: This information is used to shape Next.js' roadmap and prioritize features.
Building: You can learn more, including how to opt-out if you'd not like to participate in this anonymous program, by visiting the following URL:
Building: https://nextjs.org/telemetry
Building: ▲ Next.js 16.2.4 (Turbopack)
Building: Creating an optimized production build ...
Building: ✓ Compiled successfully in 9.0s
Building: Running TypeScript ...
Error: Command "npm run build" exited with 1
